# JRE version: Java(TM) SE Runtime Environment 18.9 (11.0.14+8) (build 11.0.14+8-LTS-263)
# Java VM: Java HotSpot(TM) 64-Bit Server VM 18.9 (11.0.14+8-LTS-263, mixed mode, tiered, compressed oops, g1 gc, windows-amd64)
Heap:
 garbage-first heap   total 260096K, used 21337K [0x0000000702600000, 0x0000000800000000)
  region size 1024K, 9 young (9216K), 9 survivors (9216K)
 Metaspace       used 43090K, capacity 44554K, committed 44672K, reserved 1112064K
  class space    used 5543K, capacity 6180K, committed 6272K, reserved 1048576K
GC Heap History (10 events):
Event: 2.704 GC heap before
{Heap before GC invocations=4 (full 0):
 garbage-first heap   total 260096K, used 63753K [0x0000000702600000, 0x0000000800000000)
  region size 1024K, 55 young (56320K), 2 survivors (2048K)
 Metaspace       used 25558K, capacity 26497K, committed 26752K, reserved 1073152K
  class space    used 3049K, capacity 3418K, committed 3456K, reserved 1048576K
}
Event: 2.708 GC heap after
{Heap after GC invocations=5 (full 0):
 garbage-first heap   total 260096K, used 13217K [0x0000000702600000, 0x0000000800000000)
  region size 1024K, 5 young (5120K), 5 survivors (5120K)
 Metaspace       used 25558K, capacity 26497K, committed 26752K, reserved 1073152K
  class space    used 3049K, capacity 3418K, committed 3456K, reserved 1048576K
}
Event: 3.816 GC heap before
{Heap before GC invocations=5 (full 0):
 garbage-first heap   total 260096K, used 100257K [0x0000000702600000, 0x0000000800000000)
  region size 1024K, 90 young (92160K), 5 survivors (5120K)
 Metaspace       used 32513K, capacity 33747K, committed 33920K, reserved 1079296K
  class space    used 4114K, capacity 4615K, committed 4736K, reserved 1048576K
}
Event: 3.824 GC heap after
{Heap after GC invocations=6 (full 0):
 garbage-first heap   total 260096K, used 17328K [0x0000000702600000, 0x0000000800000000)
  region size 1024K, 9 young (9216K), 9 survivors (9216K)
 Metaspace       used 32513K, capacity 33747K, committed 33920K, reserved 1079296K
  class space    used 4114K, capacity 4615K, committed 4736K, reserved 1048576K
}
Event: 4.114 GC heap before
{Heap before GC invocations=6 (full 0):
 garbage-first heap   total 260096K, used 35760K [0x0000000702600000, 0x0000000800000000)
  region size 1024K, 28 young (28672K), 9 survivors (9216K)
 Metaspace       used 34442K, capacity 35708K, committed 35840K, reserved 1081344K
  class space    used 4345K, capacity 4889K, committed 4992K, reserved 1048576K
}
Event: 4.123 GC heap after
{Heap after GC invocations=7 (full 0):
 garbage-first heap   total 260096K, used 18726K [0x0000000702600000, 0x0000000800000000)
  region size 1024K, 10 young (10240K), 10 survivors (10240K)
 Metaspace       used 34442K, capacity 35708K, committed 35840K, reserved 1081344K
  class space    used 4345K, capacity 4889K, committed 4992K, reserved 1048576K
}
Event: 4.920 GC heap before
{Heap before GC invocations=8 (full 0):
 garbage-first heap   total 260096K, used 83238K [0x0000000702600000, 0x0000000800000000)
  region size 1024K, 74 young (75776K), 10 survivors (10240K)
 Metaspace       used 42825K, capacity 44233K, committed 44288K, reserved 1101824K
  class space    used 5491K, capacity 6094K, committed 6144K, reserved 1048576K
}
Event: 4.930 GC heap after
{Heap after GC invocations=9 (full 0):
 garbage-first heap   total 260096K, used 21682K [0x0000000702600000, 0x0000000800000000)
  region size 1024K, 13 young (13312K), 13 survivors (13312K)
 Metaspace       used 42825K, capacity 44233K, committed 44288K, reserved 1101824K
  class space    used 5491K, capacity 6094K, committed 6144K, reserved 1048576K
}
Event: 4.946 GC heap before
{Heap before GC invocations=10 (full 0):
 garbage-first heap   total 260096K, used 23730K [0x0000000702600000, 0x0000000800000000)
  region size 1024K, 16 young (16384K), 13 survivors (13312K)
 Metaspace       used 43090K, capacity 44554K, committed 44672K, reserved 1110016K
  class space    used 5543K, capacity 6180K, committed 6272K, reserved 1048576K
}
Event: 4.957 GC heap after
{Heap after GC invocations=11 (full 0):
 garbage-first heap   total 260096K, used 21337K [0x0000000702600000, 0x0000000800000000)
  region size 1024K, 9 young (9216K), 9 survivors (9216K)
 Metaspace       used 43090K, capacity 44554K, committed 44672K, reserved 1110016K
  class space    used 5543K, capacity 6180K, committed 6272K, reserved 1048576K
}

